No open PRs found
Current directory: /Users/lars/GitHub/ChartSmart
Checking project directory: /Users/lars/GitHub/ChartSmart
Checking for Gradle files in: /Users/lars/GitHub/ChartSmart
  build.gradle: exists
  build.gradle.kts: not found
  settings.gradle: exists
  settings.gradle.kts: not found
[0;34mUpgrading Gradle wrapper to 9.0.0...[0m
Configuration on demand is an incubating feature.

Deprecated Gradle features were used in this build, making it incompatible with Gradle 9.0.

You can use '--warning-mode all' to show the individual deprecation warnings and determine if they come from your own scripts or plugins.

For more on this, please refer to https://docs.gradle.org/8.10.1/userguide/command_line_interface.html#sec:command_line_warnings in the Gradle documentation.
[0;32mGradle wrapper upgrade successful[0m
[0;34mRunning post-upgrade sanity checks...[0m
Checking Gradle version...
[0;32mGradle version confirmed: 9.0.0[0m
Running gradlew help...
Configuration on demand is an incubating feature.

FAILURE: Build failed with an exception.

* Where:
Build file '/Users/lars/GitHub/ChartSmart/build.gradle' line: 5

* What went wrong:
An exception occurred applying plugin request [id: 'info.solidsoft.pitest', version: '1.15.0']
> Failed to apply plugin 'info.solidsoft.pitest'.
   > Could not get unknown property 'baseDir' for extension 'reporting' of type org.gradle.api.reporting.ReportingExtension.

* Try:
> Run with --stacktrace option to get the stack trace.
> Run with --info or --debug option to get more log output.
> Run with --scan to generate a Build Scan (Powered by Develocity).
> Get more help at https://help.gradle.org.

BUILD FAILED in 1s
[0;31mGradle help task failed[0m
[0;31mSanity checks failed, skipping commit/push[0m

[0;34m========================================[0m
[0;34mSUMMARY[0m
[0;34m========================================[0m
[0;32m
Successfully migrated (0):[0m
[0;31m
Failed projects (1):[0m
  ✗ ChartSmart: Sanity checks failed

Detailed log saved to: gradle_update_20250801_102930.log
